{"C:\\Users\\leser\\REACT_ NATIVE\\IRIS_CLAIRE\\irisClaireDigitalix\\assets\\icons\\astroSign\\aquarius.png": {"path":"C:\\Users\\leser\\REACT_ NATIVE\\IRIS_CLAIRE\\irisClaireDigitalix\\assets\\icons\\astroSign\\aquarius.png","statementMap":{"0":{"start":{"line":1,"column":0},"end":{"line":1,"column":19}}},"fnMap":{},"branchMap":{},"s":{"0":1},"f":{},"b":{},"_coverageSchema":"1a1c01bbd47fc00a2c39e90264f33305004495a9","hash":"cbac6e8e60e2bc24cd915853be18e4630c994d71"}
,"C:\\Users\\leser\\REACT_ NATIVE\\IRIS_CLAIRE\\irisClaireDigitalix\\assets\\icons\\astroSign\\aries.png": {"path":"C:\\Users\\leser\\REACT_ NATIVE\\IRIS_CLAIRE\\irisClaireDigitalix\\assets\\icons\\astroSign\\aries.png","statementMap":{"0":{"start":{"line":1,"column":0},"end":{"line":1,"column":19}}},"fnMap":{},"branchMap":{},"s":{"0":1},"f":{},"b":{},"_coverageSchema":"1a1c01bbd47fc00a2c39e90264f33305004495a9","hash":"b6b4a84ecefcbb42e156f6e994f429d35e4289c2"}
,"C:\\Users\\leser\\REACT_ NATIVE\\IRIS_CLAIRE\\irisClaireDigitalix\\assets\\icons\\astroSign\\cancer.png": {"path":"C:\\Users\\leser\\REACT_ NATIVE\\IRIS_CLAIRE\\irisClaireDigitalix\\assets\\icons\\astroSign\\cancer.png","statementMap":{"0":{"start":{"line":1,"column":0},"end":{"line":1,"column":19}}},"fnMap":{},"branchMap":{},"s":{"0":1},"f":{},"b":{},"_coverageSchema":"1a1c01bbd47fc00a2c39e90264f33305004495a9","hash":"cece65f9aa84e6a31e468e25a6c7815d9184976c"}
,"C:\\Users\\leser\\REACT_ NATIVE\\IRIS_CLAIRE\\irisClaireDigitalix\\assets\\icons\\astroSign\\capricorn.png": {"path":"C:\\Users\\leser\\REACT_ NATIVE\\IRIS_CLAIRE\\irisClaireDigitalix\\assets\\icons\\astroSign\\capricorn.png","statementMap":{"0":{"start":{"line":1,"column":0},"end":{"line":1,"column":19}}},"fnMap":{},"branchMap":{},"s":{"0":1},"f":{},"b":{},"_coverageSchema":"1a1c01bbd47fc00a2c39e90264f33305004495a9","hash":"b1d820faf5dab1340fd804da781178473efe3aa2"}
,"C:\\Users\\leser\\REACT_ NATIVE\\IRIS_CLAIRE\\irisClaireDigitalix\\assets\\icons\\astroSign\\gemini.png": {"path":"C:\\Users\\leser\\REACT_ NATIVE\\IRIS_CLAIRE\\irisClaireDigitalix\\assets\\icons\\astroSign\\gemini.png","statementMap":{"0":{"start":{"line":1,"column":0},"end":{"line":1,"column":19}}},"fnMap":{},"branchMap":{},"s":{"0":1},"f":{},"b":{},"_coverageSchema":"1a1c01bbd47fc00a2c39e90264f33305004495a9","hash":"1c9691dfe09455b5c0bc5f5a5de6edc26290ba0b"}
,"C:\\Users\\leser\\REACT_ NATIVE\\IRIS_CLAIRE\\irisClaireDigitalix\\assets\\icons\\astroSign\\leo.png": {"path":"C:\\Users\\leser\\REACT_ NATIVE\\IRIS_CLAIRE\\irisClaireDigitalix\\assets\\icons\\astroSign\\leo.png","statementMap":{"0":{"start":{"line":1,"column":0},"end":{"line":1,"column":19}}},"fnMap":{},"branchMap":{},"s":{"0":1},"f":{},"b":{},"_coverageSchema":"1a1c01bbd47fc00a2c39e90264f33305004495a9","hash":"bb95d8dcc1d34a2e81d48fdb4b76271fcb4d8f51"}
,"C:\\Users\\leser\\REACT_ NATIVE\\IRIS_CLAIRE\\irisClaireDigitalix\\assets\\icons\\astroSign\\libra.png": {"path":"C:\\Users\\leser\\REACT_ NATIVE\\IRIS_CLAIRE\\irisClaireDigitalix\\assets\\icons\\astroSign\\libra.png","statementMap":{"0":{"start":{"line":1,"column":0},"end":{"line":1,"column":19}}},"fnMap":{},"branchMap":{},"s":{"0":1},"f":{},"b":{},"_coverageSchema":"1a1c01bbd47fc00a2c39e90264f33305004495a9","hash":"336dad4e370b4372e443bb5b989357993853784e"}
,"C:\\Users\\leser\\REACT_ NATIVE\\IRIS_CLAIRE\\irisClaireDigitalix\\assets\\icons\\astroSign\\pisces.png": {"path":"C:\\Users\\leser\\REACT_ NATIVE\\IRIS_CLAIRE\\irisClaireDigitalix\\assets\\icons\\astroSign\\pisces.png","statementMap":{"0":{"start":{"line":1,"column":0},"end":{"line":1,"column":19}}},"fnMap":{},"branchMap":{},"s":{"0":1},"f":{},"b":{},"_coverageSchema":"1a1c01bbd47fc00a2c39e90264f33305004495a9","hash":"054bb5e4e77549a3dc8d62c7136da4a8496641a2"}
,"C:\\Users\\leser\\REACT_ NATIVE\\IRIS_CLAIRE\\irisClaireDigitalix\\assets\\icons\\astroSign\\sagittarius.png": {"path":"C:\\Users\\leser\\REACT_ NATIVE\\IRIS_CLAIRE\\irisClaireDigitalix\\assets\\icons\\astroSign\\sagittarius.png","statementMap":{"0":{"start":{"line":1,"column":0},"end":{"line":1,"column":19}}},"fnMap":{},"branchMap":{},"s":{"0":1},"f":{},"b":{},"_coverageSchema":"1a1c01bbd47fc00a2c39e90264f33305004495a9","hash":"8df725ad9b93f017ec168434d98921c33e345ff0"}
,"C:\\Users\\leser\\REACT_ NATIVE\\IRIS_CLAIRE\\irisClaireDigitalix\\assets\\icons\\astroSign\\scorpio.png": {"path":"C:\\Users\\leser\\REACT_ NATIVE\\IRIS_CLAIRE\\irisClaireDigitalix\\assets\\icons\\astroSign\\scorpio.png","statementMap":{"0":{"start":{"line":1,"column":0},"end":{"line":1,"column":19}}},"fnMap":{},"branchMap":{},"s":{"0":1},"f":{},"b":{},"_coverageSchema":"1a1c01bbd47fc00a2c39e90264f33305004495a9","hash":"ae16caacdc6f56090a2726c24df1b5edacfa12dc"}
,"C:\\Users\\leser\\REACT_ NATIVE\\IRIS_CLAIRE\\irisClaireDigitalix\\assets\\icons\\astroSign\\taurus.png": {"path":"C:\\Users\\leser\\REACT_ NATIVE\\IRIS_CLAIRE\\irisClaireDigitalix\\assets\\icons\\astroSign\\taurus.png","statementMap":{"0":{"start":{"line":1,"column":0},"end":{"line":1,"column":19}}},"fnMap":{},"branchMap":{},"s":{"0":1},"f":{},"b":{},"_coverageSchema":"1a1c01bbd47fc00a2c39e90264f33305004495a9","hash":"ea65bb9e6726d0258f3561e1bcd97752a51d92a5"}
,"C:\\Users\\leser\\REACT_ NATIVE\\IRIS_CLAIRE\\irisClaireDigitalix\\assets\\icons\\astroSign\\virgo.png": {"path":"C:\\Users\\leser\\REACT_ NATIVE\\IRIS_CLAIRE\\irisClaireDigitalix\\assets\\icons\\astroSign\\virgo.png","statementMap":{"0":{"start":{"line":1,"column":0},"end":{"line":1,"column":19}}},"fnMap":{},"branchMap":{},"s":{"0":1},"f":{},"b":{},"_coverageSchema":"1a1c01bbd47fc00a2c39e90264f33305004495a9","hash":"8e347fe044923cbd248bcb7b3e6dc42ebd750e59"}
,"C:\\Users\\leser\\REACT_ NATIVE\\IRIS_CLAIRE\\irisClaireDigitalix\\assets\\icons\\elements\\air.png": {"path":"C:\\Users\\leser\\REACT_ NATIVE\\IRIS_CLAIRE\\irisClaireDigitalix\\assets\\icons\\elements\\air.png","statementMap":{"0":{"start":{"line":1,"column":0},"end":{"line":1,"column":19}}},"fnMap":{},"branchMap":{},"s":{"0":1},"f":{},"b":{},"_coverageSchema":"1a1c01bbd47fc00a2c39e90264f33305004495a9","hash":"d4985091baefc7b3ccefe8bdc0ec472ef067b9cb"}
,"C:\\Users\\leser\\REACT_ NATIVE\\IRIS_CLAIRE\\irisClaireDigitalix\\assets\\icons\\elements\\earth.png": {"path":"C:\\Users\\leser\\REACT_ NATIVE\\IRIS_CLAIRE\\irisClaireDigitalix\\assets\\icons\\elements\\earth.png","statementMap":{"0":{"start":{"line":1,"column":0},"end":{"line":1,"column":19}}},"fnMap":{},"branchMap":{},"s":{"0":1},"f":{},"b":{},"_coverageSchema":"1a1c01bbd47fc00a2c39e90264f33305004495a9","hash":"f6f982db43883cd8b7eb51fe605be9767252b43b"}
,"C:\\Users\\leser\\REACT_ NATIVE\\IRIS_CLAIRE\\irisClaireDigitalix\\assets\\icons\\elements\\fire.png": {"path":"C:\\Users\\leser\\REACT_ NATIVE\\IRIS_CLAIRE\\irisClaireDigitalix\\assets\\icons\\elements\\fire.png","statementMap":{"0":{"start":{"line":1,"column":0},"end":{"line":1,"column":19}}},"fnMap":{},"branchMap":{},"s":{"0":1},"f":{},"b":{},"_coverageSchema":"1a1c01bbd47fc00a2c39e90264f33305004495a9","hash":"a9bf541c2164e96d182d370c986715f7048aa717"}
,"C:\\Users\\leser\\REACT_ NATIVE\\IRIS_CLAIRE\\irisClaireDigitalix\\assets\\icons\\elements\\water.png": {"path":"C:\\Users\\leser\\REACT_ NATIVE\\IRIS_CLAIRE\\irisClaireDigitalix\\assets\\icons\\elements\\water.png","statementMap":{"0":{"start":{"line":1,"column":0},"end":{"line":1,"column":19}}},"fnMap":{},"branchMap":{},"s":{"0":1},"f":{},"b":{},"_coverageSchema":"1a1c01bbd47fc00a2c39e90264f33305004495a9","hash":"3556c198fb78369ff13b37196ba0762c068bb1c1"}
,"C:\\Users\\leser\\REACT_ NATIVE\\IRIS_CLAIRE\\irisClaireDigitalix\\assets\\icons\\stones\\agate.png": {"path":"C:\\Users\\leser\\REACT_ NATIVE\\IRIS_CLAIRE\\irisClaireDigitalix\\assets\\icons\\stones\\agate.png","statementMap":{"0":{"start":{"line":1,"column":0},"end":{"line":1,"column":19}}},"fnMap":{},"branchMap":{},"s":{"0":1},"f":{},"b":{},"_coverageSchema":"1a1c01bbd47fc00a2c39e90264f33305004495a9","hash":"17ae9c79aedd003c981cf79c4a79df1808f3b84c"}
,"C:\\Users\\leser\\REACT_ NATIVE\\IRIS_CLAIRE\\irisClaireDigitalix\\assets\\icons\\stones\\amethyst.png": {"path":"C:\\Users\\leser\\REACT_ NATIVE\\IRIS_CLAIRE\\irisClaireDigitalix\\assets\\icons\\stones\\amethyst.png","statementMap":{"0":{"start":{"line":1,"column":0},"end":{"line":1,"column":19}}},"fnMap":{},"branchMap":{},"s":{"0":1},"f":{},"b":{},"_coverageSchema":"1a1c01bbd47fc00a2c39e90264f33305004495a9","hash":"7b6fa6dda7782e8f7f24fdf054f40c27bf8fcbf1"}
,"C:\\Users\\leser\\REACT_ NATIVE\\IRIS_CLAIRE\\irisClaireDigitalix\\assets\\icons\\stones\\beryl.png": {"path":"C:\\Users\\leser\\REACT_ NATIVE\\IRIS_CLAIRE\\irisClaireDigitalix\\assets\\icons\\stones\\beryl.png","statementMap":{"0":{"start":{"line":1,"column":0},"end":{"line":1,"column":19}}},"fnMap":{},"branchMap":{},"s":{"0":1},"f":{},"b":{},"_coverageSchema":"1a1c01bbd47fc00a2c39e90264f33305004495a9","hash":"4a377e9d7f4e009c7c3c1dddcff2356ae728263d"}
,"C:\\Users\\leser\\REACT_ NATIVE\\IRIS_CLAIRE\\irisClaireDigitalix\\assets\\icons\\stones\\camelian.png": {"path":"C:\\Users\\leser\\REACT_ NATIVE\\IRIS_CLAIRE\\irisClaireDigitalix\\assets\\icons\\stones\\camelian.png","statementMap":{"0":{"start":{"line":1,"column":0},"end":{"line":1,"column":19}}},"fnMap":{},"branchMap":{},"s":{"0":1},"f":{},"b":{},"_coverageSchema":"1a1c01bbd47fc00a2c39e90264f33305004495a9","hash":"ce2f5177772d1c6c309ca1e98b5a671a208024c7"}
,"C:\\Users\\leser\\REACT_ NATIVE\\IRIS_CLAIRE\\irisClaireDigitalix\\assets\\icons\\stones\\chrysolite.png": {"path":"C:\\Users\\leser\\REACT_ NATIVE\\IRIS_CLAIRE\\irisClaireDigitalix\\assets\\icons\\stones\\chrysolite.png","statementMap":{"0":{"start":{"line":1,"column":0},"end":{"line":1,"column":19}}},"fnMap":{},"branchMap":{},"s":{"0":1},"f":{},"b":{},"_coverageSchema":"1a1c01bbd47fc00a2c39e90264f33305004495a9","hash":"76ff2e2b19da4247f0ac6ffbaa2571059dee7e50"}
,"C:\\Users\\leser\\REACT_ NATIVE\\IRIS_CLAIRE\\irisClaireDigitalix\\assets\\icons\\stones\\emerald.png": {"path":"C:\\Users\\leser\\REACT_ NATIVE\\IRIS_CLAIRE\\irisClaireDigitalix\\assets\\icons\\stones\\emerald.png","statementMap":{"0":{"start":{"line":1,"column":0},"end":{"line":1,"column":19}}},"fnMap":{},"branchMap":{},"s":{"0":1},"f":{},"b":{},"_coverageSchema":"1a1c01bbd47fc00a2c39e90264f33305004495a9","hash":"e14ad182bd89d64f889a7bf31790a6edbc616c51"}
,"C:\\Users\\leser\\REACT_ NATIVE\\IRIS_CLAIRE\\irisClaireDigitalix\\assets\\icons\\stones\\garnet.png": {"path":"C:\\Users\\leser\\REACT_ NATIVE\\IRIS_CLAIRE\\irisClaireDigitalix\\assets\\icons\\stones\\garnet.png","statementMap":{"0":{"start":{"line":1,"column":0},"end":{"line":1,"column":19}}},"fnMap":{},"branchMap":{},"s":{"0":1},"f":{},"b":{},"_coverageSchema":"1a1c01bbd47fc00a2c39e90264f33305004495a9","hash":"70c624047e90cb9dbfa8c0663f9d1c43427f39ed"}
,"C:\\Users\\leser\\REACT_ NATIVE\\IRIS_CLAIRE\\irisClaireDigitalix\\assets\\icons\\stones\\heliotrope.png": {"path":"C:\\Users\\leser\\REACT_ NATIVE\\IRIS_CLAIRE\\irisClaireDigitalix\\assets\\icons\\stones\\heliotrope.png","statementMap":{"0":{"start":{"line":1,"column":0},"end":{"line":1,"column":19}}},"fnMap":{},"branchMap":{},"s":{"0":1},"f":{},"b":{},"_coverageSchema":"1a1c01bbd47fc00a2c39e90264f33305004495a9","hash":"454382a0a0873fedc7d1f16bb3438422065e4121"}
,"C:\\Users\\leser\\REACT_ NATIVE\\IRIS_CLAIRE\\irisClaireDigitalix\\assets\\icons\\stones\\onyx.png": {"path":"C:\\Users\\leser\\REACT_ NATIVE\\IRIS_CLAIRE\\irisClaireDigitalix\\assets\\icons\\stones\\onyx.png","statementMap":{"0":{"start":{"line":1,"column":0},"end":{"line":1,"column":19}}},"fnMap":{},"branchMap":{},"s":{"0":1},"f":{},"b":{},"_coverageSchema":"1a1c01bbd47fc00a2c39e90264f33305004495a9","hash":"9f51ebdfb99a8b175b139d16d008b9159b9fd29f"}
,"C:\\Users\\leser\\REACT_ NATIVE\\IRIS_CLAIRE\\irisClaireDigitalix\\assets\\icons\\stones\\ruby.png": {"path":"C:\\Users\\leser\\REACT_ NATIVE\\IRIS_CLAIRE\\irisClaireDigitalix\\assets\\icons\\stones\\ruby.png","statementMap":{"0":{"start":{"line":1,"column":0},"end":{"line":1,"column":19}}},"fnMap":{},"branchMap":{},"s":{"0":1},"f":{},"b":{},"_coverageSchema":"1a1c01bbd47fc00a2c39e90264f33305004495a9","hash":"9c87b14442407e9256361e1532cf8582225bd7ff"}
,"C:\\Users\\leser\\REACT_ NATIVE\\IRIS_CLAIRE\\irisClaireDigitalix\\assets\\icons\\stones\\sapphire.png": {"path":"C:\\Users\\leser\\REACT_ NATIVE\\IRIS_CLAIRE\\irisClaireDigitalix\\assets\\icons\\stones\\sapphire.png","statementMap":{"0":{"start":{"line":1,"column":0},"end":{"line":1,"column":19}}},"fnMap":{},"branchMap":{},"s":{"0":1},"f":{},"b":{},"_coverageSchema":"1a1c01bbd47fc00a2c39e90264f33305004495a9","hash":"804d8e47eb562a59d8144e76cdf369fd4b9c36e7"}
,"C:\\Users\\leser\\REACT_ NATIVE\\IRIS_CLAIRE\\irisClaireDigitalix\\assets\\icons\\stones\\topaz.png": {"path":"C:\\Users\\leser\\REACT_ NATIVE\\IRIS_CLAIRE\\irisClaireDigitalix\\assets\\icons\\stones\\topaz.png","statementMap":{"0":{"start":{"line":1,"column":0},"end":{"line":1,"column":19}}},"fnMap":{},"branchMap":{},"s":{"0":1},"f":{},"b":{},"_coverageSchema":"1a1c01bbd47fc00a2c39e90264f33305004495a9","hash":"5b310500f19c268c1b81b0ba64ceca675ea8caf6"}
,"C:\\Users\\leser\\REACT_ NATIVE\\IRIS_CLAIRE\\irisClaireDigitalix\\assets\\images\\cards\\back\\Card_Back_001.png": {"path":"C:\\Users\\leser\\REACT_ NATIVE\\IRIS_CLAIRE\\irisClaireDigitalix\\assets\\images\\cards\\back\\Card_Back_001.png","statementMap":{"0":{"start":{"line":1,"column":0},"end":{"line":1,"column":19}}},"fnMap":{},"branchMap":{},"s":{"0":1},"f":{},"b":{},"_coverageSchema":"1a1c01bbd47fc00a2c39e90264f33305004495a9","hash":"e5b47afaab7822ac36327fd4c5768be99f8dd336"}
,"C:\\Users\\leser\\REACT_ NATIVE\\IRIS_CLAIRE\\irisClaireDigitalix\\assets\\images\\cards\\front\\1-le-bateleur.png": {"path":"C:\\Users\\leser\\REACT_ NATIVE\\IRIS_CLAIRE\\irisClaireDigitalix\\assets\\images\\cards\\front\\1-le-bateleur.png","statementMap":{"0":{"start":{"line":1,"column":0},"end":{"line":1,"column":19}}},"fnMap":{},"branchMap":{},"s":{"0":1},"f":{},"b":{},"_coverageSchema":"1a1c01bbd47fc00a2c39e90264f33305004495a9","hash":"a0da817e244ae9ef4e52f475981e31b245fdbafd"}
,"C:\\Users\\leser\\REACT_ NATIVE\\IRIS_CLAIRE\\irisClaireDigitalix\\assets\\images\\cards\\front\\10-la-roue-de-fortune.png": {"path":"C:\\Users\\leser\\REACT_ NATIVE\\IRIS_CLAIRE\\irisClaireDigitalix\\assets\\images\\cards\\front\\10-la-roue-de-fortune.png","statementMap":{"0":{"start":{"line":1,"column":0},"end":{"line":1,"column":19}}},"fnMap":{},"branchMap":{},"s":{"0":1},"f":{},"b":{},"_coverageSchema":"1a1c01bbd47fc00a2c39e90264f33305004495a9","hash":"d12983907e925ae14cee6bee3332fe52638fd6ea"}
,"C:\\Users\\leser\\REACT_ NATIVE\\IRIS_CLAIRE\\irisClaireDigitalix\\assets\\images\\cards\\front\\11-la-force.png": {"path":"C:\\Users\\leser\\REACT_ NATIVE\\IRIS_CLAIRE\\irisClaireDigitalix\\assets\\images\\cards\\front\\11-la-force.png","statementMap":{"0":{"start":{"line":1,"column":0},"end":{"line":1,"column":19}}},"fnMap":{},"branchMap":{},"s":{"0":1},"f":{},"b":{},"_coverageSchema":"1a1c01bbd47fc00a2c39e90264f33305004495a9","hash":"99f6b8e2771f67639e3c149ea2eaed673b8d7e7b"}
,"C:\\Users\\leser\\REACT_ NATIVE\\IRIS_CLAIRE\\irisClaireDigitalix\\assets\\images\\cards\\front\\12-le-pendu.png": {"path":"C:\\Users\\leser\\REACT_ NATIVE\\IRIS_CLAIRE\\irisClaireDigitalix\\assets\\images\\cards\\front\\12-le-pendu.png","statementMap":{"0":{"start":{"line":1,"column":0},"end":{"line":1,"column":19}}},"fnMap":{},"branchMap":{},"s":{"0":1},"f":{},"b":{},"_coverageSchema":"1a1c01bbd47fc00a2c39e90264f33305004495a9","hash":"3a007bf0ce00ad06bec04ffd1e85a77eebac9a28"}
,"C:\\Users\\leser\\REACT_ NATIVE\\IRIS_CLAIRE\\irisClaireDigitalix\\assets\\images\\cards\\front\\13-l-arcane-sans-nom.png": {"path":"C:\\Users\\leser\\REACT_ NATIVE\\IRIS_CLAIRE\\irisClaireDigitalix\\assets\\images\\cards\\front\\13-l-arcane-sans-nom.png","statementMap":{"0":{"start":{"line":1,"column":0},"end":{"line":1,"column":19}}},"fnMap":{},"branchMap":{},"s":{"0":1},"f":{},"b":{},"_coverageSchema":"1a1c01bbd47fc00a2c39e90264f33305004495a9","hash":"58273f8bee104d2c977327e94cc0d10271e1b4f4"}
,"C:\\Users\\leser\\REACT_ NATIVE\\IRIS_CLAIRE\\irisClaireDigitalix\\assets\\images\\cards\\front\\14-la-temperance.png": {"path":"C:\\Users\\leser\\REACT_ NATIVE\\IRIS_CLAIRE\\irisClaireDigitalix\\assets\\images\\cards\\front\\14-la-temperance.png","statementMap":{"0":{"start":{"line":1,"column":0},"end":{"line":1,"column":19}}},"fnMap":{},"branchMap":{},"s":{"0":1},"f":{},"b":{},"_coverageSchema":"1a1c01bbd47fc00a2c39e90264f33305004495a9","hash":"590af312eb5227c27965d22d7b7774629f565eac"}
,"C:\\Users\\leser\\REACT_ NATIVE\\IRIS_CLAIRE\\irisClaireDigitalix\\assets\\images\\cards\\front\\15-le-diable.png": {"path":"C:\\Users\\leser\\REACT_ NATIVE\\IRIS_CLAIRE\\irisClaireDigitalix\\assets\\images\\cards\\front\\15-le-diable.png","statementMap":{"0":{"start":{"line":1,"column":0},"end":{"line":1,"column":19}}},"fnMap":{},"branchMap":{},"s":{"0":1},"f":{},"b":{},"_coverageSchema":"1a1c01bbd47fc00a2c39e90264f33305004495a9","hash":"cd1ce019390699a23b4dba20eccd981a75fe163a"}
,"C:\\Users\\leser\\REACT_ NATIVE\\IRIS_CLAIRE\\irisClaireDigitalix\\assets\\images\\cards\\front\\16-la-maison-dieu.png": {"path":"C:\\Users\\leser\\REACT_ NATIVE\\IRIS_CLAIRE\\irisClaireDigitalix\\assets\\images\\cards\\front\\16-la-maison-dieu.png","statementMap":{"0":{"start":{"line":1,"column":0},"end":{"line":1,"column":19}}},"fnMap":{},"branchMap":{},"s":{"0":1},"f":{},"b":{},"_coverageSchema":"1a1c01bbd47fc00a2c39e90264f33305004495a9","hash":"b35946ce14fd2b4ecdad598111940a954b86d613"}
,"C:\\Users\\leser\\REACT_ NATIVE\\IRIS_CLAIRE\\irisClaireDigitalix\\assets\\images\\cards\\front\\17-l-etoile.png": {"path":"C:\\Users\\leser\\REACT_ NATIVE\\IRIS_CLAIRE\\irisClaireDigitalix\\assets\\images\\cards\\front\\17-l-etoile.png","statementMap":{"0":{"start":{"line":1,"column":0},"end":{"line":1,"column":19}}},"fnMap":{},"branchMap":{},"s":{"0":1},"f":{},"b":{},"_coverageSchema":"1a1c01bbd47fc00a2c39e90264f33305004495a9","hash":"095955b8270a58c85b829452fd056f9a29b8a9b0"}
,"C:\\Users\\leser\\REACT_ NATIVE\\IRIS_CLAIRE\\irisClaireDigitalix\\assets\\images\\cards\\front\\18-la-lune.png": {"path":"C:\\Users\\leser\\REACT_ NATIVE\\IRIS_CLAIRE\\irisClaireDigitalix\\assets\\images\\cards\\front\\18-la-lune.png","statementMap":{"0":{"start":{"line":1,"column":0},"end":{"line":1,"column":19}}},"fnMap":{},"branchMap":{},"s":{"0":1},"f":{},"b":{},"_coverageSchema":"1a1c01bbd47fc00a2c39e90264f33305004495a9","hash":"2c46947fd639d3269cb5fe42f3b56f7e1ec5d3ca"}
,"C:\\Users\\leser\\REACT_ NATIVE\\IRIS_CLAIRE\\irisClaireDigitalix\\assets\\images\\cards\\front\\19-le-soleil.png": {"path":"C:\\Users\\leser\\REACT_ NATIVE\\IRIS_CLAIRE\\irisClaireDigitalix\\assets\\images\\cards\\front\\19-le-soleil.png","statementMap":{"0":{"start":{"line":1,"column":0},"end":{"line":1,"column":19}}},"fnMap":{},"branchMap":{},"s":{"0":1},"f":{},"b":{},"_coverageSchema":"1a1c01bbd47fc00a2c39e90264f33305004495a9","hash":"cc78f5a1b16db9a1c23282aaea22483cb0a77cce"}
,"C:\\Users\\leser\\REACT_ NATIVE\\IRIS_CLAIRE\\irisClaireDigitalix\\assets\\images\\cards\\front\\2-la-papesse.png": {"path":"C:\\Users\\leser\\REACT_ NATIVE\\IRIS_CLAIRE\\irisClaireDigitalix\\assets\\images\\cards\\front\\2-la-papesse.png","statementMap":{"0":{"start":{"line":1,"column":0},"end":{"line":1,"column":19}}},"fnMap":{},"branchMap":{},"s":{"0":1},"f":{},"b":{},"_coverageSchema":"1a1c01bbd47fc00a2c39e90264f33305004495a9","hash":"9a93e503cc3311a6eb3f61e04c6422e2f318ce98"}
,"C:\\Users\\leser\\REACT_ NATIVE\\IRIS_CLAIRE\\irisClaireDigitalix\\assets\\images\\cards\\front\\20-le-jugement.png": {"path":"C:\\Users\\leser\\REACT_ NATIVE\\IRIS_CLAIRE\\irisClaireDigitalix\\assets\\images\\cards\\front\\20-le-jugement.png","statementMap":{"0":{"start":{"line":1,"column":0},"end":{"line":1,"column":19}}},"fnMap":{},"branchMap":{},"s":{"0":1},"f":{},"b":{},"_coverageSchema":"1a1c01bbd47fc00a2c39e90264f33305004495a9","hash":"22849e5eaeb4b1368fd827cb87b95b4b8c1bb0ea"}
,"C:\\Users\\leser\\REACT_ NATIVE\\IRIS_CLAIRE\\irisClaireDigitalix\\assets\\images\\cards\\front\\21-le-monde.png": {"path":"C:\\Users\\leser\\REACT_ NATIVE\\IRIS_CLAIRE\\irisClaireDigitalix\\assets\\images\\cards\\front\\21-le-monde.png","statementMap":{"0":{"start":{"line":1,"column":0},"end":{"line":1,"column":19}}},"fnMap":{},"branchMap":{},"s":{"0":1},"f":{},"b":{},"_coverageSchema":"1a1c01bbd47fc00a2c39e90264f33305004495a9","hash":"428ded140e0b97409409f57f82f2a8114f60a01d"}
,"C:\\Users\\leser\\REACT_ NATIVE\\IRIS_CLAIRE\\irisClaireDigitalix\\assets\\images\\cards\\front\\22-le-mat.png": {"path":"C:\\Users\\leser\\REACT_ NATIVE\\IRIS_CLAIRE\\irisClaireDigitalix\\assets\\images\\cards\\front\\22-le-mat.png","statementMap":{"0":{"start":{"line":1,"column":0},"end":{"line":1,"column":19}}},"fnMap":{},"branchMap":{},"s":{"0":1},"f":{},"b":{},"_coverageSchema":"1a1c01bbd47fc00a2c39e90264f33305004495a9","hash":"dce6bb6f223d01d561bd0bd60ecdb81228808088"}
,"C:\\Users\\leser\\REACT_ NATIVE\\IRIS_CLAIRE\\irisClaireDigitalix\\assets\\images\\cards\\front\\3-l-imperatrice.png": {"path":"C:\\Users\\leser\\REACT_ NATIVE\\IRIS_CLAIRE\\irisClaireDigitalix\\assets\\images\\cards\\front\\3-l-imperatrice.png","statementMap":{"0":{"start":{"line":1,"column":0},"end":{"line":1,"column":19}}},"fnMap":{},"branchMap":{},"s":{"0":1},"f":{},"b":{},"_coverageSchema":"1a1c01bbd47fc00a2c39e90264f33305004495a9","hash":"f70c440f647e5840b30485c16a6838c99b1d7f36"}
,"C:\\Users\\leser\\REACT_ NATIVE\\IRIS_CLAIRE\\irisClaireDigitalix\\assets\\images\\cards\\front\\4-l-empereur.png": {"path":"C:\\Users\\leser\\REACT_ NATIVE\\IRIS_CLAIRE\\irisClaireDigitalix\\assets\\images\\cards\\front\\4-l-empereur.png","statementMap":{"0":{"start":{"line":1,"column":0},"end":{"line":1,"column":19}}},"fnMap":{},"branchMap":{},"s":{"0":1},"f":{},"b":{},"_coverageSchema":"1a1c01bbd47fc00a2c39e90264f33305004495a9","hash":"5acf14dbab028d88b4bbeb3a236dd1fb9d4cefb9"}
,"C:\\Users\\leser\\REACT_ NATIVE\\IRIS_CLAIRE\\irisClaireDigitalix\\assets\\images\\cards\\front\\5-le-pape.png": {"path":"C:\\Users\\leser\\REACT_ NATIVE\\IRIS_CLAIRE\\irisClaireDigitalix\\assets\\images\\cards\\front\\5-le-pape.png","statementMap":{"0":{"start":{"line":1,"column":0},"end":{"line":1,"column":19}}},"fnMap":{},"branchMap":{},"s":{"0":1},"f":{},"b":{},"_coverageSchema":"1a1c01bbd47fc00a2c39e90264f33305004495a9","hash":"01b40a175fa4bef38f96368560d39679c6a78d75"}
,"C:\\Users\\leser\\REACT_ NATIVE\\IRIS_CLAIRE\\irisClaireDigitalix\\assets\\images\\cards\\front\\6-l-amoureux.png": {"path":"C:\\Users\\leser\\REACT_ NATIVE\\IRIS_CLAIRE\\irisClaireDigitalix\\assets\\images\\cards\\front\\6-l-amoureux.png","statementMap":{"0":{"start":{"line":1,"column":0},"end":{"line":1,"column":19}}},"fnMap":{},"branchMap":{},"s":{"0":1},"f":{},"b":{},"_coverageSchema":"1a1c01bbd47fc00a2c39e90264f33305004495a9","hash":"9d9fa8b942657ee7fca46ac92fcac5969f8673a4"}
,"C:\\Users\\leser\\REACT_ NATIVE\\IRIS_CLAIRE\\irisClaireDigitalix\\assets\\images\\cards\\front\\7-le-chariot.png": {"path":"C:\\Users\\leser\\REACT_ NATIVE\\IRIS_CLAIRE\\irisClaireDigitalix\\assets\\images\\cards\\front\\7-le-chariot.png","statementMap":{"0":{"start":{"line":1,"column":0},"end":{"line":1,"column":19}}},"fnMap":{},"branchMap":{},"s":{"0":1},"f":{},"b":{},"_coverageSchema":"1a1c01bbd47fc00a2c39e90264f33305004495a9","hash":"6a130632b0fe02df1248d3076c23d4091c9ee251"}
,"C:\\Users\\leser\\REACT_ NATIVE\\IRIS_CLAIRE\\irisClaireDigitalix\\assets\\images\\cards\\front\\8-la-justice.png": {"path":"C:\\Users\\leser\\REACT_ NATIVE\\IRIS_CLAIRE\\irisClaireDigitalix\\assets\\images\\cards\\front\\8-la-justice.png","statementMap":{"0":{"start":{"line":1,"column":0},"end":{"line":1,"column":19}}},"fnMap":{},"branchMap":{},"s":{"0":1},"f":{},"b":{},"_coverageSchema":"1a1c01bbd47fc00a2c39e90264f33305004495a9","hash":"684eb3283ffcc13fbf4482742f21577b7a488075"}
,"C:\\Users\\leser\\REACT_ NATIVE\\IRIS_CLAIRE\\irisClaireDigitalix\\assets\\images\\cards\\front\\9-l-hermite.png": {"path":"C:\\Users\\leser\\REACT_ NATIVE\\IRIS_CLAIRE\\irisClaireDigitalix\\assets\\images\\cards\\front\\9-l-hermite.png","statementMap":{"0":{"start":{"line":1,"column":0},"end":{"line":1,"column":19}}},"fnMap":{},"branchMap":{},"s":{"0":1},"f":{},"b":{},"_coverageSchema":"1a1c01bbd47fc00a2c39e90264f33305004495a9","hash":"f7ee25b05bef644d029264e8025e7eb8c23dd5f4"}
,"C:\\Users\\leser\\REACT_ NATIVE\\IRIS_CLAIRE\\irisClaireDigitalix\\assets\\welcome\\all_know_eye.png": {"path":"C:\\Users\\leser\\REACT_ NATIVE\\IRIS_CLAIRE\\irisClaireDigitalix\\assets\\welcome\\all_know_eye.png","statementMap":{"0":{"start":{"line":1,"column":0},"end":{"line":1,"column":19}}},"fnMap":{},"branchMap":{},"s":{"0":2},"f":{},"b":{},"_coverageSchema":"1a1c01bbd47fc00a2c39e90264f33305004495a9","hash":"29d18e762b7f00b4e2e2ddc9964017922af24353"}
,"C:\\Users\\leser\\REACT_ NATIVE\\IRIS_CLAIRE\\irisClaireDigitalix\\assets\\welcome\\iris_claire.png": {"path":"C:\\Users\\leser\\REACT_ NATIVE\\IRIS_CLAIRE\\irisClaireDigitalix\\assets\\welcome\\iris_claire.png","statementMap":{"0":{"start":{"line":1,"column":0},"end":{"line":1,"column":19}}},"fnMap":{},"branchMap":{},"s":{"0":2},"f":{},"b":{},"_coverageSchema":"1a1c01bbd47fc00a2c39e90264f33305004495a9","hash":"d2ff409a37819824d09b4cb0e5b33c1658d0747d"}
,"C:\\Users\\leser\\REACT_ NATIVE\\IRIS_CLAIRE\\irisClaireDigitalix\\assets\\welcome\\love.png": {"path":"C:\\Users\\leser\\REACT_ NATIVE\\IRIS_CLAIRE\\irisClaireDigitalix\\assets\\welcome\\love.png","statementMap":{"0":{"start":{"line":1,"column":0},"end":{"line":1,"column":19}}},"fnMap":{},"branchMap":{},"s":{"0":2},"f":{},"b":{},"_coverageSchema":"1a1c01bbd47fc00a2c39e90264f33305004495a9","hash":"c40faf6703268d6fde2dd02c19d60ec16ba85687"}
,"C:\\Users\\leser\\REACT_ NATIVE\\IRIS_CLAIRE\\irisClaireDigitalix\\assets\\welcome\\work.png": {"path":"C:\\Users\\leser\\REACT_ NATIVE\\IRIS_CLAIRE\\irisClaireDigitalix\\assets\\welcome\\work.png","statementMap":{"0":{"start":{"line":1,"column":0},"end":{"line":1,"column":19}}},"fnMap":{},"branchMap":{},"s":{"0":2},"f":{},"b":{},"_coverageSchema":"1a1c01bbd47fc00a2c39e90264f33305004495a9","hash":"63a87b3ac4f7f55f548c0f92507d54bfdb0564f4"}
,"C:\\Users\\leser\\REACT_ NATIVE\\IRIS_CLAIRE\\irisClaireDigitalix\\src\\components\\NavigationButton.tsx": {"path":"C:\\Users\\leser\\REACT_ NATIVE\\IRIS_CLAIRE\\irisClaireDigitalix\\src\\components\\NavigationButton.tsx","statementMap":{"0":{"start":{"line":5,"column":26},"end":{"line":5,"column":50}},"1":{"start":{"line":16,"column":59},"end":{"line":25,"column":1}},"2":{"start":{"line":17,"column":24},"end":{"line":17,"column":67}},"3":{"start":{"line":18,"column":22},"end":{"line":18,"column":52}},"4":{"start":{"line":20,"column":2},"end":{"line":24,"column":4}},"5":{"start":{"line":29,"column":15},"end":{"line":40,"column":2}}},"fnMap":{"0":{"name":"(anonymous_0)","decl":{"start":{"line":16,"column":59},"end":{"line":16,"column":60}},"loc":{"start":{"line":16,"column":122},"end":{"line":25,"column":1}},"line":16}},"branchMap":{},"s":{"0":1,"1":1,"2":8,"3":8,"4":8,"5":1},"f":{"0":8},"b":{},"_coverageSchema":"1a1c01bbd47fc00a2c39e90264f33305004495a9","hash":"7a719f061f2035e5308bd24e60283463719b98c7"}
,"C:\\Users\\leser\\REACT_ NATIVE\\IRIS_CLAIRE\\irisClaireDigitalix\\src\\components\\UserElementIcon.tsx": {"path":"C:\\Users\\leser\\REACT_ NATIVE\\IRIS_CLAIRE\\irisClaireDigitalix\\src\\components\\UserElementIcon.tsx","statementMap":{"0":{"start":{"line":10,"column":12},"end":{"line":10,"column":58}},"1":{"start":{"line":11,"column":14},"end":{"line":11,"column":62}},"2":{"start":{"line":12,"column":13},"end":{"line":12,"column":60}},"3":{"start":{"line":13,"column":14},"end":{"line":13,"column":62}},"4":{"start":{"line":15,"column":21},"end":{"line":15,"column":51}},"5":{"start":{"line":16,"column":21},"end":{"line":16,"column":51}},"6":{"start":{"line":18,"column":56},"end":{"line":59,"column":1}},"7":{"start":{"line":21,"column":4},"end":{"line":29,"column":5}},"8":{"start":{"line":23,"column":8},"end":{"line":28,"column":10}},"9":{"start":{"line":31,"column":4},"end":{"line":38,"column":5}},"10":{"start":{"line":32,"column":8},"end":{"line":37,"column":10}},"11":{"start":{"line":40,"column":4},"end":{"line":47,"column":5}},"12":{"start":{"line":41,"column":8},"end":{"line":46,"column":10}},"13":{"start":{"line":49,"column":4},"end":{"line":56,"column":5}},"14":{"start":{"line":50,"column":8},"end":{"line":55,"column":10}},"15":{"start":{"line":58,"column":4},"end":{"line":58,"column":16}},"16":{"start":{"line":62,"column":15},"end":{"line":80,"column":2}}},"fnMap":{"0":{"name":"(anonymous_0)","decl":{"start":{"line":18,"column":56},"end":{"line":18,"column":57}},"loc":{"start":{"line":18,"column":81},"end":{"line":59,"column":1}},"line":18}},"branchMap":{"0":{"loc":{"start":{"line":21,"column":4},"end":{"line":29,"column":5}},"type":"if","locations":[{"start":{"line":21,"column":4},"end":{"line":29,"column":5}},{"start":{},"end":{}}],"line":21},"1":{"loc":{"start":{"line":31,"column":4},"end":{"line":38,"column":5}},"type":"if","locations":[{"start":{"line":31,"column":4},"end":{"line":38,"column":5}},{"start":{},"end":{}}],"line":31},"2":{"loc":{"start":{"line":40,"column":4},"end":{"line":47,"column":5}},"type":"if","locations":[{"start":{"line":40,"column":4},"end":{"line":47,"column":5}},{"start":{},"end":{}}],"line":40},"3":{"loc":{"start":{"line":49,"column":4},"end":{"line":56,"column":5}},"type":"if","locations":[{"start":{"line":49,"column":4},"end":{"line":56,"column":5}},{"start":{},"end":{}}],"line":49}},"s":{"0":1,"1":1,"2":1,"3":1,"4":1,"5":1,"6":1,"7":6,"8":3,"9":3,"10":0,"11":3,"12":0,"13":3,"14":0,"15":3,"16":1},"f":{"0":6},"b":{"0":[3,3],"1":[0,3],"2":[0,3],"3":[0,3]},"_coverageSchema":"1a1c01bbd47fc00a2c39e90264f33305004495a9","hash":"8c974eafb85f01ee21f34f83ba9029490b5bf7d2"}
,"C:\\Users\\leser\\REACT_ NATIVE\\IRIS_CLAIRE\\irisClaireDigitalix\\src\\components\\UserSignIcon.tsx": {"path":"C:\\Users\\leser\\REACT_ NATIVE\\IRIS_CLAIRE\\irisClaireDigitalix\\src\\components\\UserSignIcon.tsx","statementMap":{"0":{"start":{"line":10,"column":21},"end":{"line":10,"column":51}},"1":{"start":{"line":11,"column":22},"end":{"line":11,"column":40}},"2":{"start":{"line":12,"column":21},"end":{"line":12,"column":51}},"3":{"start":{"line":13,"column":26},"end":{"line":13,"column":44}},"4":{"start":{"line":15,"column":19},"end":{"line":28,"column":1}},"5":{"start":{"line":30,"column":50},"end":{"line":43,"column":1}},"6":{"start":{"line":31,"column":22},"end":{"line":31,"column":110}},"7":{"start":{"line":31,"column":59},"end":{"line":31,"column":102}},"8":{"start":{"line":33,"column":4},"end":{"line":40,"column":5}},"9":{"start":{"line":34,"column":8},"end":{"line":39,"column":10}},"10":{"start":{"line":42,"column":4},"end":{"line":42,"column":16}},"11":{"start":{"line":46,"column":15},"end":{"line":62,"column":2}}},"fnMap":{"0":{"name":"(anonymous_0)","decl":{"start":{"line":30,"column":50},"end":{"line":30,"column":51}},"loc":{"start":{"line":30,"column":74},"end":{"line":43,"column":1}},"line":30},"1":{"name":"(anonymous_1)","decl":{"start":{"line":31,"column":49},"end":{"line":31,"column":50}},"loc":{"start":{"line":31,"column":59},"end":{"line":31,"column":102}},"line":31}},"branchMap":{"0":{"loc":{"start":{"line":31,"column":22},"end":{"line":31,"column":110}},"type":"cond-expr","locations":[{"start":{"line":31,"column":33},"end":{"line":31,"column":103}},{"start":{"line":31,"column":106},"end":{"line":31,"column":110}}],"line":31},"1":{"loc":{"start":{"line":33,"column":4},"end":{"line":40,"column":5}},"type":"if","locations":[{"start":{"line":33,"column":4},"end":{"line":40,"column":5}},{"start":{},"end":{}}],"line":33},"2":{"loc":{"start":{"line":37,"column":17},"end":{"line":37,"column":87}},"type":"binary-expr","locations":[{"start":{"line":37,"column":17},"end":{"line":37,"column":21}},{"start":{"line":37,"column":25},"end":{"line":37,"column":87}}],"line":37}},"s":{"0":1,"1":1,"2":1,"3":1,"4":1,"5":1,"6":21,"7":94,"8":21,"9":14,"10":7,"11":1},"f":{"0":21,"1":94},"b":{"0":[15,6],"1":[14,7],"2":[14,12]},"_coverageSchema":"1a1c01bbd47fc00a2c39e90264f33305004495a9","hash":"bd8c171b089f468796649006f197bf8f0b91211c"}
,"C:\\Users\\leser\\REACT_ NATIVE\\IRIS_CLAIRE\\irisClaireDigitalix\\src\\components\\UserStoneIcon.tsx": {"path":"C:\\Users\\leser\\REACT_ NATIVE\\IRIS_CLAIRE\\irisClaireDigitalix\\src\\components\\UserStoneIcon.tsx","statementMap":{"0":{"start":{"line":10,"column":21},"end":{"line":10,"column":51}},"1":{"start":{"line":11,"column":22},"end":{"line":11,"column":40}},"2":{"start":{"line":12,"column":21},"end":{"line":12,"column":51}},"3":{"start":{"line":13,"column":26},"end":{"line":13,"column":44}},"4":{"start":{"line":15,"column":19},"end":{"line":29,"column":3}},"5":{"start":{"line":32,"column":54},"end":{"line":45,"column":1}},"6":{"start":{"line":33,"column":22},"end":{"line":33,"column":112}},"7":{"start":{"line":33,"column":60},"end":{"line":33,"column":104}},"8":{"start":{"line":34,"column":18},"end":{"line":34,"column":27}},"9":{"start":{"line":35,"column":4},"end":{"line":42,"column":5}},"10":{"start":{"line":36,"column":6},"end":{"line":41,"column":8}},"11":{"start":{"line":43,"column":4},"end":{"line":43,"column":16}},"12":{"start":{"line":47,"column":15},"end":{"line":63,"column":2}}},"fnMap":{"0":{"name":"(anonymous_0)","decl":{"start":{"line":32,"column":54},"end":{"line":32,"column":55}},"loc":{"start":{"line":32,"column":77},"end":{"line":45,"column":1}},"line":32},"1":{"name":"(anonymous_1)","decl":{"start":{"line":33,"column":50},"end":{"line":33,"column":51}},"loc":{"start":{"line":33,"column":60},"end":{"line":33,"column":104}},"line":33}},"branchMap":{"0":{"loc":{"start":{"line":33,"column":22},"end":{"line":33,"column":112}},"type":"cond-expr","locations":[{"start":{"line":33,"column":34},"end":{"line":33,"column":105}},{"start":{"line":33,"column":108},"end":{"line":33,"column":112}}],"line":33},"1":{"loc":{"start":{"line":35,"column":4},"end":{"line":42,"column":5}},"type":"if","locations":[{"start":{"line":35,"column":4},"end":{"line":42,"column":5}},{"start":{},"end":{}}],"line":35},"2":{"loc":{"start":{"line":39,"column":11},"end":{"line":39,"column":83}},"type":"binary-expr","locations":[{"start":{"line":39,"column":11},"end":{"line":39,"column":15}},{"start":{"line":39,"column":19},"end":{"line":39,"column":83}}],"line":39}},"s":{"0":1,"1":1,"2":1,"3":1,"4":1,"5":1,"6":6,"7":15,"8":6,"9":6,"10":3,"11":3,"12":1},"f":{"0":6,"1":15},"b":{"0":[4,2],"1":[3,3],"2":[3,1]},"_coverageSchema":"1a1c01bbd47fc00a2c39e90264f33305004495a9","hash":"15d979f2f14a8644df8f609b2ed2b73a15ada635"}
,"C:\\Users\\leser\\REACT_ NATIVE\\IRIS_CLAIRE\\irisClaireDigitalix\\src\\components\\animation\\Backdrop.tsx": {"path":"C:\\Users\\leser\\REACT_ NATIVE\\IRIS_CLAIRE\\irisClaireDigitalix\\src\\components\\animation\\Backdrop.tsx","statementMap":{"0":{"start":{"line":5,"column":26},"end":{"line":5,"column":50}},"1":{"start":{"line":11,"column":43},"end":{"line":23,"column":1}},"2":{"start":{"line":12,"column":15},"end":{"line":15,"column":6}},"3":{"start":{"line":13,"column":38},"end":{"line":13,"column":47}},"4":{"start":{"line":14,"column":37},"end":{"line":14,"column":39}},"5":{"start":{"line":16,"column":4},"end":{"line":22,"column":5}}},"fnMap":{"0":{"name":"(anonymous_0)","decl":{"start":{"line":11,"column":43},"end":{"line":11,"column":44}},"loc":{"start":{"line":11,"column":60},"end":{"line":23,"column":1}},"line":11},"1":{"name":"(anonymous_1)","decl":{"start":{"line":13,"column":28},"end":{"line":13,"column":29}},"loc":{"start":{"line":13,"column":38},"end":{"line":13,"column":47}},"line":13},"2":{"name":"(anonymous_2)","decl":{"start":{"line":14,"column":29},"end":{"line":14,"column":30}},"loc":{"start":{"line":14,"column":37},"end":{"line":14,"column":39}},"line":14}},"branchMap":{},"s":{"0":2,"1":2,"2":5,"3":20,"4":20,"5":5},"f":{"0":5,"1":20,"2":20},"b":{},"_coverageSchema":"1a1c01bbd47fc00a2c39e90264f33305004495a9","hash":"49266c250b4e628f53ad40d7e0dbeb03be19f048"}
,"C:\\Users\\leser\\REACT_ NATIVE\\IRIS_CLAIRE\\irisClaireDigitalix\\src\\components\\animation\\Indicator.tsx": {"path":"C:\\Users\\leser\\REACT_ NATIVE\\IRIS_CLAIRE\\irisClaireDigitalix\\src\\components\\animation\\Indicator.tsx","statementMap":{"0":{"start":{"line":6,"column":18},"end":{"line":6,"column":42}},"1":{"start":{"line":13,"column":44},"end":{"line":50,"column":1}},"2":{"start":{"line":14,"column":4},"end":{"line":49,"column":5}},"3":{"start":{"line":17,"column":35},"end":{"line":17,"column":80}},"4":{"start":{"line":18,"column":30},"end":{"line":22,"column":18}},"5":{"start":{"line":23,"column":32},"end":{"line":27,"column":18}},"6":{"start":{"line":28,"column":16},"end":{"line":46,"column":17}}},"fnMap":{"0":{"name":"(anonymous_0)","decl":{"start":{"line":13,"column":44},"end":{"line":13,"column":45}},"loc":{"start":{"line":13,"column":61},"end":{"line":50,"column":1}},"line":13},"1":{"name":"(anonymous_1)","decl":{"start":{"line":16,"column":25},"end":{"line":16,"column":26}},"loc":{"start":{"line":16,"column":35},"end":{"line":47,"column":13}},"line":16}},"branchMap":{},"s":{"0":2,"1":2,"2":5,"3":20,"4":20,"5":20,"6":20},"f":{"0":5,"1":20},"b":{},"_coverageSchema":"1a1c01bbd47fc00a2c39e90264f33305004495a9","hash":"50b83ba95c4a4a133f756666377ac71ba49113fe"}
,"C:\\Users\\leser\\REACT_ NATIVE\\IRIS_CLAIRE\\irisClaireDigitalix\\src\\components\\animation\\Square.tsx": {"path":"C:\\Users\\leser\\REACT_ NATIVE\\IRIS_CLAIRE\\irisClaireDigitalix\\src\\components\\animation\\Square.tsx","statementMap":{"0":{"start":{"line":4,"column":26},"end":{"line":4,"column":50}},"1":{"start":{"line":10,"column":38},"end":{"line":46,"column":1}},"2":{"start":{"line":11,"column":17},"end":{"line":17,"column":5}},"3":{"start":{"line":18,"column":19},"end":{"line":21,"column":6}},"4":{"start":{"line":22,"column":23},"end":{"line":25,"column":6}},"5":{"start":{"line":26,"column":4},"end":{"line":45,"column":5}}},"fnMap":{"0":{"name":"(anonymous_0)","decl":{"start":{"line":10,"column":38},"end":{"line":10,"column":39}},"loc":{"start":{"line":10,"column":55},"end":{"line":46,"column":1}},"line":10}},"branchMap":{},"s":{"0":2,"1":2,"2":5,"3":5,"4":5,"5":5},"f":{"0":5},"b":{},"_coverageSchema":"1a1c01bbd47fc00a2c39e90264f33305004495a9","hash":"d9f48dff76e40a18b0a824ebdd0d9c5334e03549"}
,"C:\\Users\\leser\\REACT_ NATIVE\\IRIS_CLAIRE\\irisClaireDigitalix\\src\\screens\\Welcome\\StepperScreen.tsx": {"path":"C:\\Users\\leser\\REACT_ NATIVE\\IRIS_CLAIRE\\irisClaireDigitalix\\src\\screens\\Welcome\\StepperScreen.tsx","statementMap":{"0":{"start":{"line":18,"column":26},"end":{"line":18,"column":50}},"1":{"start":{"line":21,"column":55},"end":{"line":101,"column":1}},"2":{"start":{"line":22,"column":20},"end":{"line":22,"column":63}},"3":{"start":{"line":24,"column":4},"end":{"line":100,"column":5}},"4":{"start":{"line":30,"column":40},"end":{"line":30,"column":48}},"5":{"start":{"line":41,"column":20},"end":{"line":76,"column":21}},"6":{"start":{"line":88,"column":35},"end":{"line":88,"column":67}},"7":{"start":{"line":96,"column":35},"end":{"line":96,"column":63}},"8":{"start":{"line":105,"column":15},"end":{"line":116,"column":2}}},"fnMap":{"0":{"name":"(anonymous_0)","decl":{"start":{"line":21,"column":55},"end":{"line":21,"column":56}},"loc":{"start":{"line":21,"column":75},"end":{"line":101,"column":1}},"line":21},"1":{"name":"(anonymous_1)","decl":{"start":{"line":30,"column":30},"end":{"line":30,"column":31}},"loc":{"start":{"line":30,"column":40},"end":{"line":30,"column":48}},"line":30},"2":{"name":"(anonymous_2)","decl":{"start":{"line":40,"column":28},"end":{"line":40,"column":29}},"loc":{"start":{"line":40,"column":42},"end":{"line":77,"column":17}},"line":40},"3":{"name":"(anonymous_3)","decl":{"start":{"line":88,"column":29},"end":{"line":88,"column":30}},"loc":{"start":{"line":88,"column":35},"end":{"line":88,"column":67}},"line":88},"4":{"name":"(anonymous_4)","decl":{"start":{"line":96,"column":29},"end":{"line":96,"column":30}},"loc":{"start":{"line":96,"column":35},"end":{"line":96,"column":63}},"line":96}},"branchMap":{},"s":{"0":1,"1":1,"2":4,"3":4,"4":16,"5":16,"6":1,"7":1,"8":1},"f":{"0":4,"1":16,"2":16,"3":1,"4":1},"b":{},"_coverageSchema":"1a1c01bbd47fc00a2c39e90264f33305004495a9","hash":"0b18dec2ee4a2f0bda9921b329d755a14c42b9e8"}
,"C:\\Users\\leser\\REACT_ NATIVE\\IRIS_CLAIRE\\irisClaireDigitalix\\src\\theme\\color.ts": {"path":"C:\\Users\\leser\\REACT_ NATIVE\\IRIS_CLAIRE\\irisClaireDigitalix\\src\\theme\\color.ts","statementMap":{"0":{"start":{"line":3,"column":16},"end":{"line":55,"column":10}},"1":{"start":{"line":57,"column":22},"end":{"line":112,"column":1}}},"fnMap":{},"branchMap":{},"s":{"0":8,"1":8},"f":{},"b":{},"_coverageSchema":"1a1c01bbd47fc00a2c39e90264f33305004495a9","hash":"2506f2d45c44835401187da2d890082a4238e088"}
,"C:\\Users\\leser\\REACT_ NATIVE\\IRIS_CLAIRE\\irisClaireDigitalix\\src\\theme\\index.ts": {"path":"C:\\Users\\leser\\REACT_ NATIVE\\IRIS_CLAIRE\\irisClaireDigitalix\\src\\theme\\index.ts","statementMap":{},"fnMap":{},"branchMap":{},"s":{},"f":{},"b":{},"_coverageSchema":"1a1c01bbd47fc00a2c39e90264f33305004495a9","hash":"741be99004e0add827ce884c97da94b459fc3fe1"}
,"C:\\Users\\leser\\REACT_ NATIVE\\IRIS_CLAIRE\\irisClaireDigitalix\\src\\theme\\onboardingColor.ts": {"path":"C:\\Users\\leser\\REACT_ NATIVE\\IRIS_CLAIRE\\irisClaireDigitalix\\src\\theme\\onboardingColor.ts","statementMap":{"0":{"start":{"line":1,"column":19},"end":{"line":1,"column":63}}},"fnMap":{},"branchMap":{},"s":{"0":7},"f":{},"b":{},"_coverageSchema":"1a1c01bbd47fc00a2c39e90264f33305004495a9","hash":"f5054e4bfb37aa67266850d69176a982152d4abe"}
,"C:\\Users\\leser\\REACT_ NATIVE\\IRIS_CLAIRE\\irisClaireDigitalix\\src\\utils\\cards.ts": {"path":"C:\\Users\\leser\\REACT_ NATIVE\\IRIS_CLAIRE\\irisClaireDigitalix\\src\\utils\\cards.ts","statementMap":{"0":{"start":{"line":10,"column":20},"end":{"line":276,"column":3}}},"fnMap":{},"branchMap":{},"s":{"0":1},"f":{},"b":{},"_coverageSchema":"1a1c01bbd47fc00a2c39e90264f33305004495a9","hash":"7f4f513297aa5eae78f99632b60861ba4d8a538f"}
,"C:\\Users\\leser\\REACT_ NATIVE\\IRIS_CLAIRE\\irisClaireDigitalix\\src\\utils\\stepper.ts": {"path":"C:\\Users\\leser\\REACT_ NATIVE\\IRIS_CLAIRE\\irisClaireDigitalix\\src\\utils\\stepper.ts","statementMap":{"0":{"start":{"line":9,"column":29},"end":{"line":34,"column":1}}},"fnMap":{},"branchMap":{},"s":{"0":3},"f":{},"b":{},"_coverageSchema":"1a1c01bbd47fc00a2c39e90264f33305004495a9","hash":"b142fdcae038ea5524c23579c204ec89c8b009e8"}
,"C:\\Users\\leser\\REACT_ NATIVE\\IRIS_CLAIRE\\irisClaireDigitalix\\src\\utils\\hooks\\useUserStore.ts": {"path":"C:\\Users\\leser\\REACT_ NATIVE\\IRIS_CLAIRE\\irisClaireDigitalix\\src\\utils\\hooks\\useUserStore.ts","statementMap":{"0":{"start":{"line":3,"column":18},"end":{"line":15,"column":2}},"1":{"start":{"line":17,"column":28},"end":{"line":17,"column":47}}},"fnMap":{},"branchMap":{},"s":{"0":1,"1":1},"f":{},"b":{},"_coverageSchema":"1a1c01bbd47fc00a2c39e90264f33305004495a9","hash":"9ba52ff37fe39a82f2522656d2c5c296ec16ffc4"}
}
